
  .   ____          _            __ _ _
 /\\ / ___'_ __ _ _(_)_ __  __ _ \ \ \ \
( ( )\___ | '_ | '_| | '_ \/ _` | \ \ \ \
 \\/  ___)| |_)| | | | | || (_| |  ) ) ) )
  '  |____| .__|_| |_|_| |_\__, | / / / /
 =========|_|==============|___/=/_/_/_/

 :: Spring Boot ::                (v3.3.1)

2024-07-03T16:58:32.662+05:30  INFO 3223 --- [terminal-management-service] [           main] [                                                 ] g.t.TerminalManagementServiceApplication : Starting TerminalManagementServiceApplication v0.0.1 using Java 21.0.3 with PID 3223 (/Users/madhu.ms/Documents/Projects/middleware/terminal-management-service/build/libs/tms.jar started by madhu.ms in /Users/madhu.ms/Documents/Projects/middleware)
2024-07-03T16:58:32.675+05:30  INFO 3223 --- [terminal-management-service] [           main] [                                                 ] g.t.TerminalManagementServiceApplication : No active profile set, falling back to 1 default profile: "default"
2024-07-03T16:58:35.006+05:30  INFO 3223 --- [terminal-management-service] [           main] [                                                 ] .s.d.r.c.RepositoryConfigurationDelegate : Bootstrapping Spring Data MongoDB repositories in DEFAULT mode.
2024-07-03T16:58:35.277+05:30  INFO 3223 --- [terminal-management-service] [           main] [                                                 ] .s.d.r.c.RepositoryConfigurationDelegate : Finished Spring Data repository scanning in 262 ms. Found 3 MongoDB repository interfaces.
2024-07-03T16:58:35.964+05:30  INFO 3223 --- [terminal-management-service] [           main] [                                                 ] o.s.cloud.context.scope.GenericScope     : BeanFactory id=2ff499d9-2ed9-32c2-b9e5-a348001646f8
2024-07-03T16:58:36.575+05:30  WARN 3223 --- [terminal-management-service] [           main] [                                                 ] trationDelegate$BeanPostProcessorChecker : Bean 'org.springframework.cloud.client.loadbalancer.LoadBalancerAutoConfiguration$DeferringLoadBalancerInterceptorConfig' of type [org.springframework.cloud.client.loadbalancer.LoadBalancerAutoConfiguration$DeferringLoadBalancerInterceptorConfig] is not eligible for getting processed by all BeanPostProcessors (for example: not eligible for auto-proxying). The currently created BeanPostProcessor [lbRestClientPostProcessor] is declared through a non-static factory method on that class; consider declaring it as static instead.
2024-07-03T16:58:36.593+05:30  WARN 3223 --- [terminal-management-service] [           main] [                                                 ] trationDelegate$BeanPostProcessorChecker : Bean 'deferringLoadBalancerInterceptor' of type [org.springframework.cloud.client.loadbalancer.DeferringLoadBalancerInterceptor] is not eligible for getting processed by all BeanPostProcessors (for example: not eligible for auto-proxying). Is this bean getting eagerly injected into a currently created BeanPostProcessor [lbRestClientPostProcessor]? Check the corresponding BeanPostProcessor declaration and its dependencies.
2024-07-03T16:58:37.317+05:30  INFO 3223 --- [terminal-management-service] [           main] [                                                 ] o.s.b.w.embedded.tomcat.TomcatWebServer  : Tomcat initialized with port 8084 (http)
2024-07-03T16:58:37.337+05:30  INFO 3223 --- [terminal-management-service] [           main] [                                                 ] o.apache.catalina.core.StandardService   : Starting service [Tomcat]
2024-07-03T16:58:37.337+05:30  INFO 3223 --- [terminal-management-service] [           main] [                                                 ] o.apache.catalina.core.StandardEngine    : Starting Servlet engine: [Apache Tomcat/10.1.25]
2024-07-03T16:58:37.425+05:30  INFO 3223 --- [terminal-management-service] [           main] [                                                 ] o.a.c.c.C.[Tomcat].[localhost].[/]       : Initializing Spring embedded WebApplicationContext
2024-07-03T16:58:37.425+05:30  INFO 3223 --- [terminal-management-service] [           main] [                                                 ] w.s.c.ServletWebServerApplicationContext : Root WebApplicationContext: initialization completed in 4670 ms
2024-07-03T16:58:38.932+05:30  INFO 3223 --- [terminal-management-service] [           main] [                                                 ] org.mongodb.driver.client                : MongoClient with metadata {"driver": {"name": "mongo-java-driver|sync|spring-boot", "version": "5.0.1"}, "os": {"type": "Darwin", "name": "Mac OS X", "architecture": "aarch64", "version": "14.5"}, "platform": "Java/Oracle Corporation/21.0.3+7-LTS-152"} created with settings MongoClientSettings{readPreference=primary, writeConcern=WriteConcern{w=null, wTimeout=null ms, journal=null}, retryWrites=true, retryReads=true, readConcern=ReadConcern{level=null}, credential=null, transportSettings=null, commandListeners=[io.micrometer.core.instrument.binder.mongodb.MongoMetricsCommandListener@24b38e8f], codecRegistry=ProvidersCodecRegistry{codecProviders=[ValueCodecProvider{}, BsonValueCodecProvider{}, DBRefCodecProvider{}, DBObjectCodecProvider{}, DocumentCodecProvider{}, CollectionCodecProvider{}, IterableCodecProvider{}, MapCodecProvider{}, GeoJsonCodecProvider{}, GridFSFileCodecProvider{}, Jsr310CodecProvider{}, JsonObjectCodecProvider{}, BsonCodecProvider{}, EnumCodecProvider{}, com.mongodb.client.model.mql.ExpressionCodecProvider@5cf072ea, com.mongodb.Jep395RecordCodecProvider@1edac3b4, com.mongodb.KotlinCodecProvider@7641ed02]}, loggerSettings=LoggerSettings{maxDocumentLength=1000}, clusterSettings={hosts=[localhost:27017], srvServiceName=mongodb, mode=SINGLE, requiredClusterType=UNKNOWN, requiredReplicaSetName='null', serverSelector='null', clusterListeners='[]', serverSelectionTimeout='30000 ms', localThreshold='15 ms'}, socketSettings=SocketSettings{connectTimeoutMS=10000, readTimeoutMS=0, receiveBufferSize=0, proxySettings=ProxySettings{host=null, port=null, username=null, password=null}}, heartbeatSocketSettings=SocketSettings{connectTimeoutMS=10000, readTimeoutMS=10000, receiveBufferSize=0, proxySettings=ProxySettings{host=null, port=null, username=null, password=null}}, connectionPoolSettings=ConnectionPoolSettings{maxSize=100, minSize=0, maxWaitTimeMS=120000, maxConnectionLifeTimeMS=0, maxConnectionIdleTimeMS=0, maintenanceInitialDelayMS=0, maintenanceFrequencyMS=60000, connectionPoolListeners=[io.micrometer.core.instrument.binder.mongodb.MongoMetricsConnectionPoolListener@4ebed2b3], maxConnecting=2}, serverSettings=ServerSettings{heartbeatFrequencyMS=10000, minHeartbeatFrequencyMS=500, serverListeners='[]', serverMonitorListeners='[]'}, sslSettings=SslSettings{enabled=false, invalidHostNameAllowed=false, context=null}, applicationName='null', compressorList=[], uuidRepresentation=JAVA_LEGACY, serverApi=null, autoEncryptionSettings=null, dnsClient=null, inetAddressResolver=null, contextProvider=null}
2024-07-03T16:58:39.129+05:30  INFO 3223 --- [terminal-management-service] [localhost:27017] [                                                 ] org.mongodb.driver.cluster               : Monitor thread successfully connected to server with description ServerDescription{address=localhost:27017, type=STANDALONE, state=CONNECTED, ok=true, minWireVersion=0, maxWireVersion=21, maxDocumentSize=16777216, logicalSessionTimeoutMinutes=30, roundTripTimeNanos=149960834}
2024-07-03T16:58:39.724+05:30  INFO 3223 --- [terminal-management-service] [           main] [                                                 ] o.s.c.openfeign.FeignClientFactoryBean   : For 'transactions-service' URL not provided. Will try picking an instance via load-balancing.
2024-07-03T16:58:40.520+05:30  INFO 3223 --- [terminal-management-service] [           main] [                                                 ] DiscoveryClientOptionalArgsConfiguration : Eureka HTTP Client uses RestTemplate.
2024-07-03T16:58:40.565+05:30  WARN 3223 --- [terminal-management-service] [           main] [                                                 ] iguration$LoadBalancerCaffeineWarnLogger : Spring Cloud LoadBalancer is currently working with the default cache. While this cache implementation is useful for development and tests, it's recommended to use Caffeine cache in production.You can switch to using Caffeine cache, by adding it and org.springframework.cache.caffeine.CaffeineCacheManager to the classpath.
2024-07-03T16:58:40.580+05:30  INFO 3223 --- [terminal-management-service] [           main] [                                                 ] o.s.b.a.e.web.EndpointLinksResolver      : Exposing 1 endpoint beneath base path '/actuator'
2024-07-03T16:58:40.615+05:30  INFO 3223 --- [terminal-management-service] [           main] [                                                 ] o.s.c.n.eureka.InstanceInfoFactory       : Setting initial instance status as: STARTING
2024-07-03T16:58:40.677+05:30  INFO 3223 --- [terminal-management-service] [           main] [                                                 ] com.netflix.discovery.DiscoveryClient    : Initializing Eureka in region us-east-1
2024-07-03T16:58:40.680+05:30  INFO 3223 --- [terminal-management-service] [           main] [                                                 ] c.n.d.s.r.aws.ConfigClusterResolver      : Resolving eureka endpoints via configuration
2024-07-03T16:58:40.694+05:30  INFO 3223 --- [terminal-management-service] [           main] [                                                 ] com.netflix.discovery.DiscoveryClient    : Disable delta property : false
2024-07-03T16:58:40.695+05:30  INFO 3223 --- [terminal-management-service] [           main] [                                                 ] com.netflix.discovery.DiscoveryClient    : Single vip registry refresh property : null
2024-07-03T16:58:40.695+05:30  INFO 3223 --- [terminal-management-service] [           main] [                                                 ] com.netflix.discovery.DiscoveryClient    : Force full registry fetch : false
2024-07-03T16:58:40.695+05:30  INFO 3223 --- [terminal-management-service] [           main] [                                                 ] com.netflix.discovery.DiscoveryClient    : Application is null : false
2024-07-03T16:58:40.695+05:30  INFO 3223 --- [terminal-management-service] [           main] [                                                 ] com.netflix.discovery.DiscoveryClient    : Registered Applications size is zero : true
2024-07-03T16:58:40.695+05:30  INFO 3223 --- [terminal-management-service] [           main] [                                                 ] com.netflix.discovery.DiscoveryClient    : Application version is -1: true
2024-07-03T16:58:40.695+05:30  INFO 3223 --- [terminal-management-service] [           main] [                                                 ] com.netflix.discovery.DiscoveryClient    : Getting all instance registry info from the eureka server
2024-07-03T16:58:40.851+05:30  INFO 3223 --- [terminal-management-service] [           main] [                                                 ] com.netflix.discovery.DiscoveryClient    : The response status is 200
2024-07-03T16:58:40.852+05:30  INFO 3223 --- [terminal-management-service] [           main] [                                                 ] com.netflix.discovery.DiscoveryClient    : Starting heartbeat executor: renew interval is: 30
2024-07-03T16:58:40.853+05:30  INFO 3223 --- [terminal-management-service] [           main] [                                                 ] c.n.discovery.InstanceInfoReplicator     : InstanceInfoReplicator onDemand update allowed rate per min is 4
2024-07-03T16:58:40.856+05:30  INFO 3223 --- [terminal-management-service] [           main] [                                                 ] com.netflix.discovery.DiscoveryClient    : Discovery Client initialized at timestamp 1720006120856 with initial instances count: 0
2024-07-03T16:58:40.862+05:30  INFO 3223 --- [terminal-management-service] [           main] [                                                 ] o.s.c.n.e.s.EurekaServiceRegistry        : Registering application TERMINAL-MANAGEMENT-SERVICE with eureka with status UP
2024-07-03T16:58:40.862+05:30  INFO 3223 --- [terminal-management-service] [           main] [                                                 ] com.netflix.discovery.DiscoveryClient    : Saw local status change event StatusChangeEvent [timestamp=1720006120862, current=UP, previous=STARTING]
2024-07-03T16:58:40.863+05:30  INFO 3223 --- [terminal-management-service] [nfoReplicator-0] [                                                 ] com.netflix.discovery.DiscoveryClient    : DiscoveryClient_TERMINAL-MANAGEMENT-SERVICE/192.168.8.174:terminal-management-service:8084: registering service...
2024-07-03T16:58:40.876+05:30  INFO 3223 --- [terminal-management-service] [           main] [                                                 ] o.s.b.w.embedded.tomcat.TomcatWebServer  : Tomcat started on port 8084 (http) with context path '/'
2024-07-03T16:58:40.877+05:30  INFO 3223 --- [terminal-management-service] [           main] [                                                 ] .s.c.n.e.s.EurekaAutoServiceRegistration : Updating port to 8084
2024-07-03T16:58:40.895+05:30  INFO 3223 --- [terminal-management-service] [nfoReplicator-0] [                                                 ] com.netflix.discovery.DiscoveryClient    : DiscoveryClient_TERMINAL-MANAGEMENT-SERVICE/192.168.8.174:terminal-management-service:8084 - registration status: 204
2024-07-03T16:58:40.902+05:30  INFO 3223 --- [terminal-management-service] [           main] [                                                 ] g.t.TerminalManagementServiceApplication : Started TerminalManagementServiceApplication in 9.421 seconds (process running for 10.54)
2024-07-03T16:58:41.869+05:30  WARN 3223 --- [terminal-management-service] [/api/v2/spans}}] [                                                 ] z.r.i.AsyncReporter$BoundedAsyncReporter : Spans were dropped due to exceptions. All subsequent errors will be logged at FINE level.
2024-07-03T16:58:41.870+05:30  WARN 3223 --- [terminal-management-service] [/api/v2/spans}}] [                                                 ] z.r.i.AsyncReporter$BoundedAsyncReporter : Dropped 1 spans due to ResourceAccessException(I/O error on POST request for "http://localhost:9411/api/v2/spans": Connect to http://localhost:9411 [localhost/127.0.0.1, localhost/0:0:0:0:0:0:0:1] failed: Connection refused)

org.springframework.web.client.ResourceAccessException: I/O error on POST request for "http://localhost:9411/api/v2/spans": Connect to http://localhost:9411 [localhost/127.0.0.1, localhost/0:0:0:0:0:0:0:1] failed: Connection refused
	at org.springframework.web.client.RestTemplate.createResourceAccessException(RestTemplate.java:915) ~[spring-web-6.1.10.jar!/:6.1.10]
	at org.springframework.web.client.RestTemplate.doExecute(RestTemplate.java:895) ~[spring-web-6.1.10.jar!/:6.1.10]
	at org.springframework.web.client.RestTemplate.execute(RestTemplate.java:830) ~[spring-web-6.1.10.jar!/:6.1.10]
	at org.springframework.web.client.RestTemplate.exchange(RestTemplate.java:691) ~[spring-web-6.1.10.jar!/:6.1.10]
	at org.springframework.boot.actuate.autoconfigure.tracing.zipkin.ZipkinRestTemplateSender.postSpans(ZipkinRestTemplateSender.java:49) ~[spring-boot-actuator-autoconfigure-3.3.1.jar!/:3.3.1]
	at org.springframework.boot.actuate.autoconfigure.tracing.zipkin.HttpSender.postSpans(HttpSender.java:68) ~[spring-boot-actuator-autoconfigure-3.3.1.jar!/:3.3.1]
	at org.springframework.boot.actuate.autoconfigure.tracing.zipkin.HttpSender.postSpans(HttpSender.java:40) ~[spring-boot-actuator-autoconfigure-3.3.1.jar!/:3.3.1]
	at zipkin2.reporter.BaseHttpSender.send(BaseHttpSender.java:123) ~[zipkin-reporter-3.4.0.jar!/:na]
	at zipkin2.reporter.internal.AsyncReporter$BoundedAsyncReporter.flush(AsyncReporter.java:266) ~[zipkin-reporter-3.4.0.jar!/:na]
	at zipkin2.reporter.internal.AsyncReporter$Flusher.run(AsyncReporter.java:352) ~[zipkin-reporter-3.4.0.jar!/:na]
	at java.base/java.lang.Thread.run(Thread.java:1583) ~[na:na]
Caused by: org.apache.hc.client5.http.HttpHostConnectException: Connect to http://localhost:9411 [localhost/127.0.0.1, localhost/0:0:0:0:0:0:0:1] failed: Connection refused
	at java.base/sun.nio.ch.Net.pollConnect(Native Method) ~[na:na]
	at java.base/sun.nio.ch.Net.pollConnectNow(Net.java:682) ~[na:na]
	at java.base/sun.nio.ch.NioSocketImpl.timedFinishConnect(NioSocketImpl.java:549) ~[na:na]
	at java.base/sun.nio.ch.NioSocketImpl.connect(NioSocketImpl.java:592) ~[na:na]
	at java.base/java.net.SocksSocketImpl.connect(SocksSocketImpl.java:327) ~[na:na]
	at java.base/java.net.Socket.connect(Socket.java:751) ~[na:na]
	at org.apache.hc.client5.http.socket.PlainConnectionSocketFactory.lambda$connectSocket$0(PlainConnectionSocketFactory.java:91) ~[httpclient5-5.3.1.jar!/:5.3.1]
	at java.base/java.security.AccessController.doPrivileged(AccessController.java:571) ~[na:na]
	at org.apache.hc.client5.http.socket.PlainConnectionSocketFactory.connectSocket(PlainConnectionSocketFactory.java:90) ~[httpclient5-5.3.1.jar!/:5.3.1]
	at org.apache.hc.client5.http.socket.ConnectionSocketFactory.connectSocket(ConnectionSocketFactory.java:123) ~[httpclient5-5.3.1.jar!/:5.3.1]
	at org.apache.hc.client5.http.impl.io.DefaultHttpClientConnectionOperator.connect(DefaultHttpClientConnectionOperator.java:189) ~[httpclient5-5.3.1.jar!/:5.3.1]
	at org.apache.hc.client5.http.impl.io.PoolingHttpClientConnectionManager.connect(PoolingHttpClientConnectionManager.java:450) ~[httpclient5-5.3.1.jar!/:5.3.1]
	at org.apache.hc.client5.http.impl.classic.InternalExecRuntime.connectEndpoint(InternalExecRuntime.java:162) ~[httpclient5-5.3.1.jar!/:5.3.1]
	at org.apache.hc.client5.http.impl.classic.InternalExecRuntime.connectEndpoint(InternalExecRuntime.java:172) ~[httpclient5-5.3.1.jar!/:5.3.1]
	at org.apache.hc.client5.http.impl.classic.ConnectExec.execute(ConnectExec.java:142) ~[httpclient5-5.3.1.jar!/:5.3.1]
	at org.apache.hc.client5.http.impl.classic.ExecChainElement.execute(ExecChainElement.java:51) ~[httpclient5-5.3.1.jar!/:5.3.1]
	at org.apache.hc.client5.http.impl.classic.ProtocolExec.execute(ProtocolExec.java:192) ~[httpclient5-5.3.1.jar!/:5.3.1]
	at org.apache.hc.client5.http.impl.classic.ExecChainElement.execute(ExecChainElement.java:51) ~[httpclient5-5.3.1.jar!/:5.3.1]
	at org.apache.hc.client5.http.impl.classic.HttpRequestRetryExec.execute(HttpRequestRetryExec.java:113) ~[httpclient5-5.3.1.jar!/:5.3.1]
	at org.apache.hc.client5.http.impl.classic.ExecChainElement.execute(ExecChainElement.java:51) ~[httpclient5-5.3.1.jar!/:5.3.1]
	at org.apache.hc.client5.http.impl.classic.ContentCompressionExec.execute(ContentCompressionExec.java:152) ~[httpclient5-5.3.1.jar!/:5.3.1]
	at org.apache.hc.client5.http.impl.classic.ExecChainElement.execute(ExecChainElement.java:51) ~[httpclient5-5.3.1.jar!/:5.3.1]
	at org.apache.hc.client5.http.impl.classic.RedirectExec.execute(RedirectExec.java:116) ~[httpclient5-5.3.1.jar!/:5.3.1]
	at org.apache.hc.client5.http.impl.classic.ExecChainElement.execute(ExecChainElement.java:51) ~[httpclient5-5.3.1.jar!/:5.3.1]
	at org.apache.hc.client5.http.impl.classic.InternalHttpClient.doExecute(InternalHttpClient.java:170) ~[httpclient5-5.3.1.jar!/:5.3.1]
	at org.apache.hc.client5.http.impl.classic.CloseableHttpClient.execute(CloseableHttpClient.java:87) ~[httpclient5-5.3.1.jar!/:5.3.1]
	at org.apache.hc.client5.http.impl.classic.CloseableHttpClient.execute(CloseableHttpClient.java:55) ~[httpclient5-5.3.1.jar!/:5.3.1]
	at org.apache.hc.client5.http.classic.HttpClient.executeOpen(HttpClient.java:183) ~[httpclient5-5.3.1.jar!/:5.3.1]
	at org.springframework.http.client.HttpComponentsClientHttpRequest.executeInternal(HttpComponentsClientHttpRequest.java:99) ~[spring-web-6.1.10.jar!/:6.1.10]
	at org.springframework.http.client.AbstractStreamingClientHttpRequest.executeInternal(AbstractStreamingClientHttpRequest.java:70) ~[spring-web-6.1.10.jar!/:6.1.10]
	at org.springframework.http.client.AbstractClientHttpRequest.execute(AbstractClientHttpRequest.java:66) ~[spring-web-6.1.10.jar!/:6.1.10]
	at org.springframework.web.client.RestTemplate.doExecute(RestTemplate.java:889) ~[spring-web-6.1.10.jar!/:6.1.10]
	... 9 common frames omitted

2024-07-03T16:59:10.859+05:30  INFO 3223 --- [terminal-management-service] [freshExecutor-0] [                                                 ] com.netflix.discovery.DiscoveryClient    : Disable delta property : false
2024-07-03T16:59:10.861+05:30  INFO 3223 --- [terminal-management-service] [freshExecutor-0] [                                                 ] com.netflix.discovery.DiscoveryClient    : Single vip registry refresh property : null
2024-07-03T16:59:10.861+05:30  INFO 3223 --- [terminal-management-service] [freshExecutor-0] [                                                 ] com.netflix.discovery.DiscoveryClient    : Force full registry fetch : false
2024-07-03T16:59:10.861+05:30  INFO 3223 --- [terminal-management-service] [freshExecutor-0] [                                                 ] com.netflix.discovery.DiscoveryClient    : Application is null : false
2024-07-03T16:59:10.861+05:30  INFO 3223 --- [terminal-management-service] [freshExecutor-0] [                                                 ] com.netflix.discovery.DiscoveryClient    : Registered Applications size is zero : true
2024-07-03T16:59:10.861+05:30  INFO 3223 --- [terminal-management-service] [freshExecutor-0] [                                                 ] com.netflix.discovery.DiscoveryClient    : Application version is -1: false
2024-07-03T16:59:10.861+05:30  INFO 3223 --- [terminal-management-service] [freshExecutor-0] [                                                 ] com.netflix.discovery.DiscoveryClient    : Getting all instance registry info from the eureka server
2024-07-03T16:59:10.906+05:30  INFO 3223 --- [terminal-management-service] [freshExecutor-0] [                                                 ] com.netflix.discovery.DiscoveryClient    : The response status is 200
2024-07-03T17:01:52.941+05:30  INFO 3223 --- [terminal-management-service] [nio-8084-exec-1] [                                                 ] o.a.c.c.C.[Tomcat].[localhost].[/]       : Initializing Spring DispatcherServlet 'dispatcherServlet'
2024-07-03T17:01:52.943+05:30  INFO 3223 --- [terminal-management-service] [nio-8084-exec-1] [                                                 ] o.s.web.servlet.DispatcherServlet        : Initializing Servlet 'dispatcherServlet'
2024-07-03T17:01:52.945+05:30  INFO 3223 --- [terminal-management-service] [nio-8084-exec-1] [                                                 ] o.s.web.servlet.DispatcherServlet        : Completed initialization in 2 ms
2024-07-03T17:01:52.976+05:30  INFO 3223 --- [terminal-management-service] [nio-8084-exec-1] [668536a879e57db06f47ec49d4b84075-6f47ec49d4b84075] c.g.tms.controller.TerminalController    : Register Terminal -> Request -- {"merchantId":"234511","terminalId":"4343411","phoneNumber":"9742097081"}
---otp---5117
2024-07-03T17:01:53.197+05:30  INFO 3223 --- [terminal-management-service] [nio-8084-exec-1] [668536a879e57db06f47ec49d4b84075-6f47ec49d4b84075] c.g.tms.controller.TerminalController    : Register Terminal -> response -- {"responseCode":"3030","data":{"userName":"9742097081","mpin":"5117"},"responseMessage":"Success"}
2024-07-03T17:03:40.696+05:30  INFO 3223 --- [terminal-management-service] [trap-executor-0] [                                                 ] c.n.d.s.r.aws.ConfigClusterResolver      : Resolving eureka endpoints via configuration
2024-07-03T17:09:25.218+05:30  INFO 3223 --- [terminal-management-service] [trap-executor-0] [                                                 ] c.n.d.s.r.aws.ConfigClusterResolver      : Resolving eureka endpoints via configuration
2024-07-03T17:18:47.818+05:30  INFO 3223 --- [terminal-management-service] [trap-executor-0] [                                                 ] c.n.d.s.r.aws.ConfigClusterResolver      : Resolving eureka endpoints via configuration
2024-07-03T17:25:40.521+05:30  INFO 3223 --- [terminal-management-service] [trap-executor-0] [                                                 ] c.n.d.s.r.aws.ConfigClusterResolver      : Resolving eureka endpoints via configuration
2024-07-03T18:03:15.327+05:30  INFO 3223 --- [terminal-management-service] [tbeatExecutor-0] [                                                 ] com.netflix.discovery.DiscoveryClient    : DiscoveryClient_TERMINAL-MANAGEMENT-SERVICE/192.168.8.174:terminal-management-service:8084 - Re-registering apps/TERMINAL-MANAGEMENT-SERVICE
2024-07-03T18:03:15.328+05:30  INFO 3223 --- [terminal-management-service] [tbeatExecutor-0] [                                                 ] com.netflix.discovery.DiscoveryClient    : DiscoveryClient_TERMINAL-MANAGEMENT-SERVICE/192.168.8.174:terminal-management-service:8084: registering service...
2024-07-03T18:03:15.336+05:30  INFO 3223 --- [terminal-management-service] [tbeatExecutor-0] [                                                 ] com.netflix.discovery.DiscoveryClient    : DiscoveryClient_TERMINAL-MANAGEMENT-SERVICE/192.168.8.174:terminal-management-service:8084 - registration status: 204
2024-07-03T18:05:14.358+05:30  INFO 3223 --- [terminal-management-service] [trap-executor-0] [                                                 ] c.n.d.s.r.aws.ConfigClusterResolver      : Resolving eureka endpoints via configuration
2024-07-04T03:50:00.902+05:30  INFO 3223 --- [terminal-management-service] [trap-executor-0] [                                                 ] c.n.d.s.r.aws.ConfigClusterResolver      : Resolving eureka endpoints via configuration
2024-07-04T10:15:07.121+05:30  INFO 3223 --- [terminal-management-service] [trap-executor-0] [                                                 ] c.n.d.s.r.aws.ConfigClusterResolver      : Resolving eureka endpoints via configuration
2024-07-04T10:20:07.117+05:30  INFO 3223 --- [terminal-management-service] [trap-executor-0] [                                                 ] c.n.d.s.r.aws.ConfigClusterResolver      : Resolving eureka endpoints via configuration
2024-07-04T10:25:07.115+05:30  INFO 3223 --- [terminal-management-service] [trap-executor-0] [                                                 ] c.n.d.s.r.aws.ConfigClusterResolver      : Resolving eureka endpoints via configuration
2024-07-04T11:25:20.005+05:30  INFO 3223 --- [terminal-management-service] [trap-executor-0] [                                                 ] c.n.d.s.r.aws.ConfigClusterResolver      : Resolving eureka endpoints via configuration
2024-07-04T11:30:20.004+05:30  INFO 3223 --- [terminal-management-service] [trap-executor-0] [                                                 ] c.n.d.s.r.aws.ConfigClusterResolver      : Resolving eureka endpoints via configuration
