Standard Commons Logging discovery in action with spring-jcl: please remove commons-logging.jar from classpath in order to avoid potential conflicts

  .   ____          _            __ _ _
 /\\ / ___'_ __ _ _(_)_ __  __ _ \ \ \ \
( ( )\___ | '_ | '_| | '_ \/ _` | \ \ \ \
 \\/  ___)| |_)| | | | | || (_| |  ) ) ) )
  '  |____| .__|_| |_|_| |_\__, | / / / /
 =========|_|==============|___/=/_/_/_/

 :: Spring Boot ::                (v3.3.1)

2024-07-03T16:58:32.681+05:30  INFO 3225 --- [attestation-monitoring-service] [           main] .AttestationMonitoringServiceApplication : Starting AttestationMonitoringServiceApplication v0.0.1 using Java 21.0.3 with PID 3225 (/Users/madhu.ms/Documents/Projects/middleware/attestation-monitoring-service/build/libs/ams.jar started by madhu.ms in /Users/madhu.ms/Documents/Projects/middleware)
2024-07-03T16:58:32.685+05:30  INFO 3225 --- [attestation-monitoring-service] [           main] .AttestationMonitoringServiceApplication : No active profile set, falling back to 1 default profile: "default"
2024-07-03T16:58:34.800+05:30  INFO 3225 --- [attestation-monitoring-service] [           main] .s.d.r.c.RepositoryConfigurationDelegate : Bootstrapping Spring Data MongoDB repositories in DEFAULT mode.
2024-07-03T16:58:35.068+05:30  INFO 3225 --- [attestation-monitoring-service] [           main] .s.d.r.c.RepositoryConfigurationDelegate : Finished Spring Data repository scanning in 265 ms. Found 3 MongoDB repository interfaces.
2024-07-03T16:58:35.438+05:30  INFO 3225 --- [attestation-monitoring-service] [           main] o.s.cloud.context.scope.GenericScope     : BeanFactory id=01887ac3-8f5b-37a5-b62d-bc78d2f6d060
2024-07-03T16:58:35.598+05:30  WARN 3225 --- [attestation-monitoring-service] [           main] trationDelegate$BeanPostProcessorChecker : Bean 'org.springframework.cloud.client.loadbalancer.LoadBalancerAutoConfiguration$DeferringLoadBalancerInterceptorConfig' of type [org.springframework.cloud.client.loadbalancer.LoadBalancerAutoConfiguration$DeferringLoadBalancerInterceptorConfig] is not eligible for getting processed by all BeanPostProcessors (for example: not eligible for auto-proxying). The currently created BeanPostProcessor [lbRestClientPostProcessor] is declared through a non-static factory method on that class; consider declaring it as static instead.
2024-07-03T16:58:35.600+05:30  WARN 3225 --- [attestation-monitoring-service] [           main] trationDelegate$BeanPostProcessorChecker : Bean 'deferringLoadBalancerInterceptor' of type [org.springframework.cloud.client.loadbalancer.DeferringLoadBalancerInterceptor] is not eligible for getting processed by all BeanPostProcessors (for example: not eligible for auto-proxying). Is this bean getting eagerly injected into a currently created BeanPostProcessor [lbRestClientPostProcessor]? Check the corresponding BeanPostProcessor declaration and its dependencies.
2024-07-03T16:58:36.034+05:30  INFO 3225 --- [attestation-monitoring-service] [           main] o.s.b.w.embedded.tomcat.TomcatWebServer  : Tomcat initialized with port 8086 (http)
2024-07-03T16:58:36.044+05:30  INFO 3225 --- [attestation-monitoring-service] [           main] o.apache.catalina.core.StandardService   : Starting service [Tomcat]
2024-07-03T16:58:36.044+05:30  INFO 3225 --- [attestation-monitoring-service] [           main] o.apache.catalina.core.StandardEngine    : Starting Servlet engine: [Apache Tomcat/10.1.25]
2024-07-03T16:58:36.103+05:30  INFO 3225 --- [attestation-monitoring-service] [           main] o.a.c.c.C.[Tomcat].[localhost].[/]       : Initializing Spring embedded WebApplicationContext
2024-07-03T16:58:36.103+05:30  INFO 3225 --- [attestation-monitoring-service] [           main] w.s.c.ServletWebServerApplicationContext : Root WebApplicationContext: initialization completed in 3308 ms
Standard Commons Logging discovery in action with spring-jcl: please remove commons-logging.jar from classpath in order to avoid potential conflicts
2024-07-03T16:58:36.943+05:30  INFO 3225 --- [attestation-monitoring-service] [           main] org.mongodb.driver.client                : MongoClient with metadata {"driver": {"name": "mongo-java-driver|sync|spring-boot", "version": "5.0.1"}, "os": {"type": "Darwin", "name": "Mac OS X", "architecture": "aarch64", "version": "14.5"}, "platform": "Java/Oracle Corporation/21.0.3+7-LTS-152"} created with settings MongoClientSettings{readPreference=primary, writeConcern=WriteConcern{w=null, wTimeout=null ms, journal=null}, retryWrites=true, retryReads=true, readConcern=ReadConcern{level=null}, credential=null, transportSettings=null, commandListeners=[io.micrometer.core.instrument.binder.mongodb.MongoMetricsCommandListener@50f4b83d], codecRegistry=ProvidersCodecRegistry{codecProviders=[ValueCodecProvider{}, BsonValueCodecProvider{}, DBRefCodecProvider{}, DBObjectCodecProvider{}, DocumentCodecProvider{}, CollectionCodecProvider{}, IterableCodecProvider{}, MapCodecProvider{}, GeoJsonCodecProvider{}, GridFSFileCodecProvider{}, Jsr310CodecProvider{}, JsonObjectCodecProvider{}, BsonCodecProvider{}, EnumCodecProvider{}, com.mongodb.client.model.mql.ExpressionCodecProvider@10131289, com.mongodb.Jep395RecordCodecProvider@c5e69a5, com.mongodb.KotlinCodecProvider@64a1116a]}, loggerSettings=LoggerSettings{maxDocumentLength=1000}, clusterSettings={hosts=[localhost:27017], srvServiceName=mongodb, mode=SINGLE, requiredClusterType=UNKNOWN, requiredReplicaSetName='null', serverSelector='null', clusterListeners='[]', serverSelectionTimeout='30000 ms', localThreshold='15 ms'}, socketSettings=SocketSettings{connectTimeoutMS=10000, readTimeoutMS=0, receiveBufferSize=0, proxySettings=ProxySettings{host=null, port=null, username=null, password=null}}, heartbeatSocketSettings=SocketSettings{connectTimeoutMS=10000, readTimeoutMS=10000, receiveBufferSize=0, proxySettings=ProxySettings{host=null, port=null, username=null, password=null}}, connectionPoolSettings=ConnectionPoolSettings{maxSize=100, minSize=0, maxWaitTimeMS=120000, maxConnectionLifeTimeMS=0, maxConnectionIdleTimeMS=0, maintenanceInitialDelayMS=0, maintenanceFrequencyMS=60000, connectionPoolListeners=[io.micrometer.core.instrument.binder.mongodb.MongoMetricsConnectionPoolListener@11e17893], maxConnecting=2}, serverSettings=ServerSettings{heartbeatFrequencyMS=10000, minHeartbeatFrequencyMS=500, serverListeners='[]', serverMonitorListeners='[]'}, sslSettings=SslSettings{enabled=false, invalidHostNameAllowed=false, context=null}, applicationName='null', compressorList=[], uuidRepresentation=JAVA_LEGACY, serverApi=null, autoEncryptionSettings=null, dnsClient=null, inetAddressResolver=null, contextProvider=null}
2024-07-03T16:58:37.020+05:30  INFO 3225 --- [attestation-monitoring-service] [localhost:27017] org.mongodb.driver.cluster               : Monitor thread successfully connected to server with description ServerDescription{address=localhost:27017, type=STANDALONE, state=CONNECTED, ok=true, minWireVersion=0, maxWireVersion=21, maxDocumentSize=16777216, logicalSessionTimeoutMinutes=30, roundTripTimeNanos=101471708}
2024-07-03T16:58:38.472+05:30  INFO 3225 --- [attestation-monitoring-service] [           main] DiscoveryClientOptionalArgsConfiguration : Eureka HTTP Client uses RestTemplate.
2024-07-03T16:58:38.554+05:30  WARN 3225 --- [attestation-monitoring-service] [           main] iguration$LoadBalancerCaffeineWarnLogger : Spring Cloud LoadBalancer is currently working with the default cache. While this cache implementation is useful for development and tests, it's recommended to use Caffeine cache in production.You can switch to using Caffeine cache, by adding it and org.springframework.cache.caffeine.CaffeineCacheManager to the classpath.
2024-07-03T16:58:38.612+05:30  INFO 3225 --- [attestation-monitoring-service] [           main] o.s.b.a.e.web.EndpointLinksResolver      : Exposing 1 endpoint beneath base path '/actuator'
2024-07-03T16:58:38.688+05:30  INFO 3225 --- [attestation-monitoring-service] [           main] o.s.c.n.eureka.InstanceInfoFactory       : Setting initial instance status as: STARTING
2024-07-03T16:58:38.835+05:30  INFO 3225 --- [attestation-monitoring-service] [           main] com.netflix.discovery.DiscoveryClient    : Initializing Eureka in region us-east-1
2024-07-03T16:58:38.840+05:30  INFO 3225 --- [attestation-monitoring-service] [           main] c.n.d.s.r.aws.ConfigClusterResolver      : Resolving eureka endpoints via configuration
2024-07-03T16:58:38.874+05:30  INFO 3225 --- [attestation-monitoring-service] [           main] com.netflix.discovery.DiscoveryClient    : Disable delta property : false
2024-07-03T16:58:38.874+05:30  INFO 3225 --- [attestation-monitoring-service] [           main] com.netflix.discovery.DiscoveryClient    : Single vip registry refresh property : null
2024-07-03T16:58:38.874+05:30  INFO 3225 --- [attestation-monitoring-service] [           main] com.netflix.discovery.DiscoveryClient    : Force full registry fetch : false
2024-07-03T16:58:38.874+05:30  INFO 3225 --- [attestation-monitoring-service] [           main] com.netflix.discovery.DiscoveryClient    : Application is null : false
2024-07-03T16:58:38.875+05:30  INFO 3225 --- [attestation-monitoring-service] [           main] com.netflix.discovery.DiscoveryClient    : Registered Applications size is zero : true
2024-07-03T16:58:38.875+05:30  INFO 3225 --- [attestation-monitoring-service] [           main] com.netflix.discovery.DiscoveryClient    : Application version is -1: true
2024-07-03T16:58:38.875+05:30  INFO 3225 --- [attestation-monitoring-service] [           main] com.netflix.discovery.DiscoveryClient    : Getting all instance registry info from the eureka server
2024-07-03T16:58:39.453+05:30  INFO 3225 --- [attestation-monitoring-service] [           main] com.netflix.discovery.DiscoveryClient    : The response status is 200
2024-07-03T16:58:39.455+05:30  INFO 3225 --- [attestation-monitoring-service] [           main] com.netflix.discovery.DiscoveryClient    : Starting heartbeat executor: renew interval is: 30
2024-07-03T16:58:39.458+05:30  INFO 3225 --- [attestation-monitoring-service] [           main] c.n.discovery.InstanceInfoReplicator     : InstanceInfoReplicator onDemand update allowed rate per min is 4
2024-07-03T16:58:39.463+05:30  INFO 3225 --- [attestation-monitoring-service] [           main] com.netflix.discovery.DiscoveryClient    : Discovery Client initialized at timestamp 1720006119462 with initial instances count: 0
2024-07-03T16:58:39.465+05:30  INFO 3225 --- [attestation-monitoring-service] [           main] o.s.c.n.e.s.EurekaServiceRegistry        : Registering application ATTESTATION-MONITORING-SERVICE with eureka with status UP
2024-07-03T16:58:39.467+05:30  INFO 3225 --- [attestation-monitoring-service] [           main] com.netflix.discovery.DiscoveryClient    : Saw local status change event StatusChangeEvent [timestamp=1720006119467, current=UP, previous=STARTING]
2024-07-03T16:58:39.469+05:30  INFO 3225 --- [attestation-monitoring-service] [nfoReplicator-0] com.netflix.discovery.DiscoveryClient    : DiscoveryClient_ATTESTATION-MONITORING-SERVICE/192.168.8.174:attestation-monitoring-service:8086: registering service...
2024-07-03T16:58:39.504+05:30  INFO 3225 --- [attestation-monitoring-service] [           main] o.s.b.w.embedded.tomcat.TomcatWebServer  : Tomcat started on port 8086 (http) with context path '/'
2024-07-03T16:58:39.504+05:30  INFO 3225 --- [attestation-monitoring-service] [           main] .s.c.n.e.s.EurekaAutoServiceRegistration : Updating port to 8086
2024-07-03T16:58:39.532+05:30  INFO 3225 --- [attestation-monitoring-service] [           main] .AttestationMonitoringServiceApplication : Started AttestationMonitoringServiceApplication in 8.008 seconds (process running for 9.171)
2024-07-03T16:58:39.601+05:30  INFO 3225 --- [attestation-monitoring-service] [nfoReplicator-0] com.netflix.discovery.DiscoveryClient    : DiscoveryClient_ATTESTATION-MONITORING-SERVICE/192.168.8.174:attestation-monitoring-service:8086 - registration status: 204
2024-07-03T16:59:09.461+05:30  INFO 3225 --- [attestation-monitoring-service] [freshExecutor-0] com.netflix.discovery.DiscoveryClient    : Disable delta property : false
2024-07-03T16:59:09.462+05:30  INFO 3225 --- [attestation-monitoring-service] [freshExecutor-0] com.netflix.discovery.DiscoveryClient    : Single vip registry refresh property : null
2024-07-03T16:59:09.462+05:30  INFO 3225 --- [attestation-monitoring-service] [freshExecutor-0] com.netflix.discovery.DiscoveryClient    : Force full registry fetch : false
2024-07-03T16:59:09.463+05:30  INFO 3225 --- [attestation-monitoring-service] [freshExecutor-0] com.netflix.discovery.DiscoveryClient    : Application is null : false
2024-07-03T16:59:09.463+05:30  INFO 3225 --- [attestation-monitoring-service] [freshExecutor-0] com.netflix.discovery.DiscoveryClient    : Registered Applications size is zero : true
2024-07-03T16:59:09.463+05:30  INFO 3225 --- [attestation-monitoring-service] [freshExecutor-0] com.netflix.discovery.DiscoveryClient    : Application version is -1: false
2024-07-03T16:59:09.463+05:30  INFO 3225 --- [attestation-monitoring-service] [freshExecutor-0] com.netflix.discovery.DiscoveryClient    : Getting all instance registry info from the eureka server
2024-07-03T16:59:09.502+05:30  INFO 3225 --- [attestation-monitoring-service] [freshExecutor-0] com.netflix.discovery.DiscoveryClient    : The response status is 200
2024-07-03T16:59:15.592+05:30  INFO 3225 --- [attestation-monitoring-service] [nio-8086-exec-1] o.a.c.c.C.[Tomcat].[localhost].[/]       : Initializing Spring DispatcherServlet 'dispatcherServlet'
2024-07-03T16:59:15.592+05:30  INFO 3225 --- [attestation-monitoring-service] [nio-8086-exec-1] o.s.web.servlet.DispatcherServlet        : Initializing Servlet 'dispatcherServlet'
2024-07-03T16:59:15.593+05:30  INFO 3225 --- [attestation-monitoring-service] [nio-8086-exec-1] o.s.web.servlet.DispatcherServlet        : Completed initialization in 1 ms
2024-07-03T16:59:15.620+05:30  INFO 3225 --- [attestation-monitoring-service] [nio-8086-exec-1] c.g.a.controllers.AttestationController  : verify -> request -- {"deviceId":"1234","isDebugMode":false,"isUsbDebugger":false,"integrityToken":"abcdefg","keyAttestation":[],"appPackageName":"com.app ","appVersionCode":12,"androidVersion":10}
2024-07-03T16:59:15.668+05:30  INFO 3225 --- [attestation-monitoring-service] [nio-8086-exec-1] c.g.a.controllers.AttestationController  : verify -> response -- {"responseCode":"3050","responseMessage":"Invalid app package name"}
2024-07-03T17:03:38.874+05:30  INFO 3225 --- [attestation-monitoring-service] [trap-executor-0] c.n.d.s.r.aws.ConfigClusterResolver      : Resolving eureka endpoints via configuration
2024-07-03T17:09:23.393+05:30  INFO 3225 --- [attestation-monitoring-service] [trap-executor-0] c.n.d.s.r.aws.ConfigClusterResolver      : Resolving eureka endpoints via configuration
2024-07-03T17:18:45.991+05:30  INFO 3225 --- [attestation-monitoring-service] [trap-executor-0] c.n.d.s.r.aws.ConfigClusterResolver      : Resolving eureka endpoints via configuration
2024-07-03T17:25:36.746+05:30  INFO 3225 --- [attestation-monitoring-service] [trap-executor-0] c.n.d.s.r.aws.ConfigClusterResolver      : Resolving eureka endpoints via configuration
2024-07-03T18:05:12.314+05:30  INFO 3225 --- [attestation-monitoring-service] [trap-executor-0] c.n.d.s.r.aws.ConfigClusterResolver      : Resolving eureka endpoints via configuration
2024-07-03T23:10:18.667+05:30  INFO 3225 --- [attestation-monitoring-service] [tbeatExecutor-0] com.netflix.discovery.DiscoveryClient    : DiscoveryClient_ATTESTATION-MONITORING-SERVICE/192.168.8.174:attestation-monitoring-service:8086 - Re-registering apps/ATTESTATION-MONITORING-SERVICE
2024-07-03T23:10:18.668+05:30  INFO 3225 --- [attestation-monitoring-service] [tbeatExecutor-0] com.netflix.discovery.DiscoveryClient    : DiscoveryClient_ATTESTATION-MONITORING-SERVICE/192.168.8.174:attestation-monitoring-service:8086: registering service...
2024-07-03T23:10:18.679+05:30  INFO 3225 --- [attestation-monitoring-service] [tbeatExecutor-0] com.netflix.discovery.DiscoveryClient    : DiscoveryClient_ATTESTATION-MONITORING-SERVICE/192.168.8.174:attestation-monitoring-service:8086 - registration status: 204
2024-07-04T03:49:58.864+05:30  INFO 3225 --- [attestation-monitoring-service] [trap-executor-0] c.n.d.s.r.aws.ConfigClusterResolver      : Resolving eureka endpoints via configuration
2024-07-04T03:50:01.007+05:30  INFO 3225 --- [attestation-monitoring-service] [tbeatExecutor-0] com.netflix.discovery.DiscoveryClient    : DiscoveryClient_ATTESTATION-MONITORING-SERVICE/192.168.8.174:attestation-monitoring-service:8086 - Re-registering apps/ATTESTATION-MONITORING-SERVICE
2024-07-04T03:50:01.007+05:30  INFO 3225 --- [attestation-monitoring-service] [tbeatExecutor-0] com.netflix.discovery.DiscoveryClient    : DiscoveryClient_ATTESTATION-MONITORING-SERVICE/192.168.8.174:attestation-monitoring-service:8086: registering service...
2024-07-04T03:50:01.012+05:30  INFO 3225 --- [attestation-monitoring-service] [tbeatExecutor-0] com.netflix.discovery.DiscoveryClient    : DiscoveryClient_ATTESTATION-MONITORING-SERVICE/192.168.8.174:attestation-monitoring-service:8086 - registration status: 204
2024-07-04T06:52:45.630+05:30  INFO 3225 --- [attestation-monitoring-service] [tbeatExecutor-0] com.netflix.discovery.DiscoveryClient    : DiscoveryClient_ATTESTATION-MONITORING-SERVICE/192.168.8.174:attestation-monitoring-service:8086 - Re-registering apps/ATTESTATION-MONITORING-SERVICE
2024-07-04T06:52:45.630+05:30  INFO 3225 --- [attestation-monitoring-service] [tbeatExecutor-0] com.netflix.discovery.DiscoveryClient    : DiscoveryClient_ATTESTATION-MONITORING-SERVICE/192.168.8.174:attestation-monitoring-service:8086: registering service...
2024-07-04T06:52:45.635+05:30  INFO 3225 --- [attestation-monitoring-service] [tbeatExecutor-0] com.netflix.discovery.DiscoveryClient    : DiscoveryClient_ATTESTATION-MONITORING-SERVICE/192.168.8.174:attestation-monitoring-service:8086 - registration status: 204
2024-07-04T10:15:05.075+05:30  INFO 3225 --- [attestation-monitoring-service] [trap-executor-0] c.n.d.s.r.aws.ConfigClusterResolver      : Resolving eureka endpoints via configuration
2024-07-04T10:20:05.075+05:30  INFO 3225 --- [attestation-monitoring-service] [trap-executor-0] c.n.d.s.r.aws.ConfigClusterResolver      : Resolving eureka endpoints via configuration
2024-07-04T10:25:05.074+05:30  INFO 3225 --- [attestation-monitoring-service] [trap-executor-0] c.n.d.s.r.aws.ConfigClusterResolver      : Resolving eureka endpoints via configuration
2024-07-04T11:25:17.967+05:30  INFO 3225 --- [attestation-monitoring-service] [trap-executor-0] c.n.d.s.r.aws.ConfigClusterResolver      : Resolving eureka endpoints via configuration
2024-07-04T11:30:17.967+05:30  INFO 3225 --- [attestation-monitoring-service] [trap-executor-0] c.n.d.s.r.aws.ConfigClusterResolver      : Resolving eureka endpoints via configuration
